Using pre-set license
Built from '2021.3/staging' branch; Version is '2021.3.4f1 (cb45f9cae8b7) revision 13321721'; Using compiler version '192829333'; Build Type 'Release'
OS: 'Windows 10  (10.0.19044) 64bit Professional' Language: 'es' Physical Memory: 7092 MB
BatchMode: 1, IsHumanControllingUs: 0, StartBugReporterOnCrash: 0, Is64bit: 1, IsPro: 1

COMMAND LINE ARGUMENTS:
C:\Program Files\Unity\Hub\Editor\2021.3.4f1\Editor\Unity.exe
-adb2
-batchMode
-noUpm
-name
AssetImportWorker3
-projectPath
C:/Users/Usuario1/Desktop/Soldier-Brave/New Unity Project
-logFile
Logs/AssetImportWorker3.log
-srvPort
62368
Successfully changed project path to: C:/Users/Usuario1/Desktop/Soldier-Brave/New Unity Project
C:/Users/Usuario1/Desktop/Soldier-Brave/New Unity Project
[UnityMemory] Configuration Parameters - Can be set up in boot.config
    "memorysetup-bucket-allocator-granularity=16"
    "memorysetup-bucket-allocator-bucket-count=8"
    "memorysetup-bucket-allocator-block-size=33554432"
    "memorysetup-bucket-allocator-block-count=8"
    "memorysetup-main-allocator-block-size=16777216"
    "memorysetup-thread-allocator-block-size=16777216"
    "memorysetup-gfx-main-allocator-block-size=16777216"
    "memorysetup-gfx-thread-allocator-block-size=16777216"
    "memorysetup-cache-allocator-block-size=4194304"
    "memorysetup-typetree-allocator-block-size=2097152"
    "memorysetup-profiler-bucket-allocator-granularity=16"
    "memorysetup-profiler-bucket-allocator-bucket-count=8"
    "memorysetup-profiler-bucket-allocator-block-size=33554432"
    "memorysetup-profiler-bucket-allocator-block-count=8"
    "memorysetup-profiler-allocator-block-size=16777216"
    "memorysetup-profiler-editor-allocator-block-size=1048576"
    "memorysetup-temp-allocator-size-main=16777216"
    "memorysetup-job-temp-allocator-block-size=2097152"
    "memorysetup-job-temp-allocator-block-size-background=1048576"
    "memorysetup-job-temp-allocator-reduction-small-platforms=262144"
    "memorysetup-temp-allocator-size-background-worker=32768"
    "memorysetup-temp-allocator-size-job-worker=262144"
    "memorysetup-temp-allocator-size-preload-manager=33554432"
    "memorysetup-temp-allocator-size-nav-mesh-worker=65536"
    "memorysetup-temp-allocator-size-audio-worker=65536"
    "memorysetup-temp-allocator-size-cloud-worker=32768"
    "memorysetup-temp-allocator-size-gi-baking-worker=262144"
    "memorysetup-temp-allocator-size-gfx=262144"
Refreshing native plugins compatible for Editor in 134.50 ms, found 3 plugins.
Preloading 0 native plugins for Editor in 0.00 ms.
Initialize engine version: 2021.3.4f1 (cb45f9cae8b7)
[Subsystems] Discovering subsystems at path C:/Program Files/Unity/Hub/Editor/2021.3.4f1/Editor/Data/Resources/UnitySubsystems
[Subsystems] Discovering subsystems at path C:/Users/Usuario1/Desktop/Soldier-Brave/New Unity Project/Assets
GfxDevice: creating device client; threaded=0; jobified=0
Direct3D:
    Version:  Direct3D 11.0 [level 11.1]
    Renderer: AMD Radeon(TM) R7 Graphics (ID=0x130f)
    Vendor:   ATI
    VRAM:     3546 MB
    Driver:   27.20.20903.8001
Initialize mono
Mono path[0] = 'C:/Program Files/Unity/Hub/Editor/2021.3.4f1/Editor/Data/Managed'
Mono path[1] = 'C:/Program Files/Unity/Hub/Editor/2021.3.4f1/Editor/Data/MonoBleedingEdge/lib/mono/unityjit-win32'
Mono config path = 'C:/Program Files/Unity/Hub/Editor/2021.3.4f1/Editor/Data/MonoBleedingEdge/etc'
Using monoOptions --debugger-agent=transport=dt_socket,embedding=1,server=y,suspend=n,address=127.0.0.1:56392
Begin MonoManager ReloadAssembly
Registering precompiled unity dll's ...
Register platform support module: C:/Program Files/Unity/Hub/Editor/2021.3.4f1/Editor/Data/PlaybackEngines/WindowsStandaloneSupport/UnityEditor.WindowsStandalone.Extensions.dll
Registered in 0.010064 seconds.
Native extension for WindowsStandalone target not found
Refreshing native plugins compatible for Editor in 140.57 ms, found 3 plugins.
Preloading 0 native plugins for Editor in 0.00 ms.
Mono: successfully reloaded assembly
- Completed reload, in  1.120 seconds
Domain Reload Profiling:
	ReloadAssembly (1122ms)
		BeginReloadAssembly (150ms)
			ExecutionOrderSort (0ms)
			DisableScriptedObjects (0ms)
			BackupInstance (0ms)
			ReleaseScriptingObjects (0ms)
			CreateAndSetChildDomain (1ms)
		EndReloadAssembly (761ms)
			LoadAssemblies (146ms)
			RebuildTransferFunctionScriptingTraits (0ms)
			SetupTypeCache (191ms)
			ReleaseScriptCaches (0ms)
			RebuildScriptCaches (53ms)
			SetupLoadedEditorAssemblies (432ms)
				LogAssemblyErrors (0ms)
				InitializePlatformSupportModulesInManaged (13ms)
				SetLoadedEditorAssemblies (0ms)
				RefreshPlugins (141ms)
				BeforeProcessingInitializeOnLoad (2ms)
				ProcessInitializeOnLoadAttributes (197ms)
				ProcessInitializeOnLoadMethodAttributes (79ms)
				AfterProcessingInitializeOnLoad (0ms)
				EditorAssembliesLoaded (0ms)
			ExecutionOrderSort2 (0ms)
			AwakeInstancesAfterBackupRestoration (0ms)
Platform modules already initialized, skipping
Registering precompiled user dll's ...
Registered in 0.010157 seconds.
Begin MonoManager ReloadAssembly
Native extension for WindowsStandalone target not found
Refreshing native plugins compatible for Editor in 1.16 ms, found 3 plugins.
Preloading 0 native plugins for Editor in 0.00 ms.
Mono: successfully reloaded assembly
- Completed reload, in  4.129 seconds
Domain Reload Profiling:
	ReloadAssembly (4130ms)
		BeginReloadAssembly (193ms)
			ExecutionOrderSort (0ms)
			DisableScriptedObjects (9ms)
			BackupInstance (0ms)
			ReleaseScriptingObjects (0ms)
			CreateAndSetChildDomain (31ms)
		EndReloadAssembly (3735ms)
			LoadAssemblies (146ms)
			RebuildTransferFunctionScriptingTraits (0ms)
			SetupTypeCache (427ms)
			ReleaseScriptCaches (1ms)
			RebuildScriptCaches (103ms)
			SetupLoadedEditorAssemblies (3008ms)
				LogAssemblyErrors (0ms)
				InitializePlatformSupportModulesInManaged (8ms)
				SetLoadedEditorAssemblies (1ms)
				RefreshPlugins (1ms)
				BeforeProcessingInitializeOnLoad (137ms)
				ProcessInitializeOnLoadAttributes (2801ms)
				ProcessInitializeOnLoadMethodAttributes (48ms)
				AfterProcessingInitializeOnLoad (11ms)
				EditorAssembliesLoaded (0ms)
			ExecutionOrderSort2 (0ms)
			AwakeInstancesAfterBackupRestoration (10ms)
Platform modules already initialized, skipping
========================================================================
Worker process is ready to serve import requests
Launched and connected shader compiler UnityShaderCompiler.exe after 0.74 seconds
Refreshing native plugins compatible for Editor in 1.24 ms, found 3 plugins.
Preloading 0 native plugins for Editor in 0.00 ms.
Unloading 3424 Unused Serialized files (Serialized files now loaded: 0)
Unloading 38 unused Assets / (128.6 KB). Loaded Objects now: 3885.
Memory consumption went from 124.3 MB to 124.2 MB.
Total: 5.230900 ms (FindLiveObjects: 0.413500 ms CreateObjectMapping: 0.173000 ms MarkObjects: 4.470400 ms  DeleteObjects: 0.171200 ms)

AssetImportParameters requested are different than current active one (requested -> active):
  custom:video-decoder-ogg-theora: a1e56fd34408186e4bbccfd4996cb3dc -> 
  custom:container-muxer-webm: aa71ff27fc2769a1b78a27578f13a17b -> 
  custom:container-demuxer-webm: 4f35f7cbe854078d1ac9338744f61a02 -> 
  custom:video-encoder-webm-vp8: eb34c28f22e8b96e1ab97ce403110664 -> 
  custom:audio-encoder-webm-vorbis: bf7c407c2cedff20999df2af8eb42d56 -> 
  custom:framework-win-MediaFoundation: 216162199b28c13a410421893ffa2e32 -> 
  custom:container-demuxer-ogg: 62fdf1f143b41e24485cea50d1cbac27 -> 
  custom:video-decoder-webm-vp8: 9c59270c3fd7afecdb556c50c9e8de78 -> 
  custom:audio-decoder-ogg-vorbis: bf7c407c2cedff20999df2af8eb42d56 -> 
========================================================================
Received Import Request.
  Time since last request: 25560.431733 seconds.
  path: Assets/PAQUETES/PolygonNature/FX/FX_Prefabs/Fire_FX.prefab
  artifactKey: Guid(b99ce17d2a62f164698110549e49b762) Importer(815301076,1909f56bfc062723c751e8b465ee728b)
Start importing Assets/PAQUETES/PolygonNature/FX/FX_Prefabs/Fire_FX.prefab using Guid(b99ce17d2a62f164698110549e49b762) Importer(815301076,1909f56bfc062723c751e8b465ee728b)  -> (artifact id: '648f98d8dde50c6023d20e88b7a344e9') in 0.781744 seconds 
========================================================================
Received Import Request.
  Time since last request: 0.000037 seconds.
  path: Assets/PAQUETES/PolygonNature/FX/FX_Prefabs/Butterlies_Particle_01_Orange.prefab
  artifactKey: Guid(5085f126b86c13f46937a2143b8935a7) Importer(815301076,1909f56bfc062723c751e8b465ee728b)
Start importing Assets/PAQUETES/PolygonNature/FX/FX_Prefabs/Butterlies_Particle_01_Orange.prefab using Guid(5085f126b86c13f46937a2143b8935a7) Importer(815301076,1909f56bfc062723c751e8b465ee728b)  -> (artifact id: '2d925de9892f7d49b1d567a51a19c0af') in 0.304983 seconds 
========================================================================
Received Import Request.
  Time since last request: 0.000047 seconds.
  path: Assets/PAQUETES/PolygonNature/FX/FX_Prefabs/SM_Generic_SkyDome.prefab
  artifactKey: Guid(1db8601c97565c84084b5b490940fae6) Importer(815301076,1909f56bfc062723c751e8b465ee728b)
Start importing Assets/PAQUETES/PolygonNature/FX/FX_Prefabs/SM_Generic_SkyDome.prefab using Guid(1db8601c97565c84084b5b490940fae6) Importer(815301076,1909f56bfc062723c751e8b465ee728b)  -> (artifact id: 'a027a13f5c8658573c9bf3715c0db224') in 0.116443 seconds 
========================================================================
Received Import Request.
  Time since last request: 0.000036 seconds.
  path: Assets/PAQUETES/PolygonNature/FX/FX_Prefabs/Rain_Particle_Floor_FX.prefab
  artifactKey: Guid(d3c6c6fac7d04684694d9183c4f2a8f4) Importer(815301076,1909f56bfc062723c751e8b465ee728b)
Start importing Assets/PAQUETES/PolygonNature/FX/FX_Prefabs/Rain_Particle_Floor_FX.prefab using Guid(d3c6c6fac7d04684694d9183c4f2a8f4) Importer(815301076,1909f56bfc062723c751e8b465ee728b)  -> (artifact id: 'a15ab676b796af4101efc4c3c8475309') in 0.948921 seconds 
========================================================================
Received Import Request.
  Time since last request: 0.000038 seconds.
  path: Assets/PAQUETES/PolygonNature/FX/FX_Prefabs/Fireflies_01.prefab
  artifactKey: Guid(9555b29e19e27964a906dc49c9318cf8) Importer(815301076,1909f56bfc062723c751e8b465ee728b)
Start importing Assets/PAQUETES/PolygonNature/FX/FX_Prefabs/Fireflies_01.prefab using Guid(9555b29e19e27964a906dc49c9318cf8) Importer(815301076,1909f56bfc062723c751e8b465ee728b)  -> (artifact id: 'cb87676e76ad4170900fdc9b9d46d7f6') in 0.177277 seconds 
========================================================================
Received Import Request.
  Time since last request: 0.000051 seconds.
  path: Assets/PAQUETES/PolygonNature/FX/FX_Prefabs/FX_Snow.prefab
  artifactKey: Guid(3758ed06cdf471640b0fdccdc74e21df) Importer(815301076,1909f56bfc062723c751e8b465ee728b)
Start importing Assets/PAQUETES/PolygonNature/FX/FX_Prefabs/FX_Snow.prefab using Guid(3758ed06cdf471640b0fdccdc74e21df) Importer(815301076,1909f56bfc062723c751e8b465ee728b)  -> (artifact id: '217476a99f7a48198cff38acf25aed55') in 0.084445 seconds 
========================================================================
Received Import Request.
  Time since last request: 0.000038 seconds.
  path: Assets/PAQUETES/PolygonNature/FX/FX_Prefabs/Glowing_Dust_01.prefab
  artifactKey: Guid(e62fe7588430d264ab316d646f76d61d) Importer(815301076,1909f56bfc062723c751e8b465ee728b)
Start importing Assets/PAQUETES/PolygonNature/FX/FX_Prefabs/Glowing_Dust_01.prefab using Guid(e62fe7588430d264ab316d646f76d61d) Importer(815301076,1909f56bfc062723c751e8b465ee728b)  -> (artifact id: 'bf78e93e691281da1d0723924ecfdf8b') in 0.113800 seconds 
========================================================================
Received Import Request.
  Time since last request: 0.000049 seconds.
  path: Assets/PAQUETES/PolygonNature/FX/FX_Prefabs/Butterlies_Particle_01_Blue.prefab
  artifactKey: Guid(d6a9cc8f03380b2498b5e6d4500e0af6) Importer(815301076,1909f56bfc062723c751e8b465ee728b)
Start importing Assets/PAQUETES/PolygonNature/FX/FX_Prefabs/Butterlies_Particle_01_Blue.prefab using Guid(d6a9cc8f03380b2498b5e6d4500e0af6) Importer(815301076,1909f56bfc062723c751e8b465ee728b)  -> (artifact id: '72ec05a2ea048517e67394d1441e7f0a') in 0.069601 seconds 
========================================================================
Received Import Request.
  Time since last request: 0.000039 seconds.
  path: Assets/PAQUETES/PolygonNature/FX/FX_Prefabs/Butterlies_Particle_01_MultiColour.prefab
  artifactKey: Guid(922cfc3ec2783bc4d8ae31855d8933a8) Importer(815301076,1909f56bfc062723c751e8b465ee728b)
Start importing Assets/PAQUETES/PolygonNature/FX/FX_Prefabs/Butterlies_Particle_01_MultiColour.prefab using Guid(922cfc3ec2783bc4d8ae31855d8933a8) Importer(815301076,1909f56bfc062723c751e8b465ee728b)  -> (artifact id: '3f11fd94796c2a0baf3437c1d849ee51') in 0.098476 seconds 
========================================================================
Received Import Request.
  Time since last request: 0.000040 seconds.
  path: Assets/PAQUETES/PolygonNature/FX/FX_Prefabs/FX_Water_Ripple_01.prefab
  artifactKey: Guid(5d5da19b06b71d74baef1d8c22f634e1) Importer(815301076,1909f56bfc062723c751e8b465ee728b)
Start importing Assets/PAQUETES/PolygonNature/FX/FX_Prefabs/FX_Water_Ripple_01.prefab using Guid(5d5da19b06b71d74baef1d8c22f634e1) Importer(815301076,1909f56bfc062723c751e8b465ee728b)  -> (artifact id: '18b568e6fefeb380b7269f50ab663a63') in 0.526329 seconds 
========================================================================
Received Import Request.
  Time since last request: 0.000049 seconds.
  path: Assets/PAQUETES/PolygonNature/FX/FX_Prefabs/FX_Dust_Blowing_01.prefab
  artifactKey: Guid(6b2d1d33fdbf1a340a25ad352c47f593) Importer(815301076,1909f56bfc062723c751e8b465ee728b)
Start importing Assets/PAQUETES/PolygonNature/FX/FX_Prefabs/FX_Dust_Blowing_01.prefab using Guid(6b2d1d33fdbf1a340a25ad352c47f593) Importer(815301076,1909f56bfc062723c751e8b465ee728b)  -> (artifact id: 'ba9f60b753a47712506b9b394bec7b25') in 0.041280 seconds 
========================================================================
Received Import Request.
  Time since last request: 0.000034 seconds.
  path: Assets/PAQUETES/PolygonNature/FX/FX_Prefabs/Leaves_Green_01.prefab
  artifactKey: Guid(1b09a7fc50f421946b2eda7e5f09e698) Importer(815301076,1909f56bfc062723c751e8b465ee728b)
Start importing Assets/PAQUETES/PolygonNature/FX/FX_Prefabs/Leaves_Green_01.prefab using Guid(1b09a7fc50f421946b2eda7e5f09e698) Importer(815301076,1909f56bfc062723c751e8b465ee728b)  -> (artifact id: 'd93a9423502ec7d121dfa5b7d9b8b35b') in 0.176314 seconds 
========================================================================
Received Import Request.
  Time since last request: 0.000037 seconds.
  path: Assets/PAQUETES/PolygonNature/FX/FX_Prefabs/Leaves_Orange_01.prefab
  artifactKey: Guid(bb147685fd85c0642833a173065b34b0) Importer(815301076,1909f56bfc062723c751e8b465ee728b)
Start importing Assets/PAQUETES/PolygonNature/FX/FX_Prefabs/Leaves_Orange_01.prefab using Guid(bb147685fd85c0642833a173065b34b0) Importer(815301076,1909f56bfc062723c751e8b465ee728b)  -> (artifact id: '2f2a892a3631747df8f05e5d2ba60b1c') in 0.262062 seconds 
========================================================================
Received Import Request.
  Time since last request: 0.000050 seconds.
  path: Assets/PAQUETES/PolygonNature/FX/FX_Prefabs/Fire_Small_FX.prefab
  artifactKey: Guid(0f8982e7a09431147a4a9b72a57ef449) Importer(815301076,1909f56bfc062723c751e8b465ee728b)
Start importing Assets/PAQUETES/PolygonNature/FX/FX_Prefabs/Fire_Small_FX.prefab using Guid(0f8982e7a09431147a4a9b72a57ef449) Importer(815301076,1909f56bfc062723c751e8b465ee728b)  -> (artifact id: 'f55af69812bd499ec7e7f017926a5eb6') in 0.016697 seconds 
========================================================================
Received Import Request.
  Time since last request: 0.000038 seconds.
  path: Assets/Prefab/Enemigos/Slime.prefab
  artifactKey: Guid(55776efecb0cd134ea5f418c2f97a705) Importer(815301076,1909f56bfc062723c751e8b465ee728b)
Start importing Assets/Prefab/Enemigos/Slime.prefab using Guid(55776efecb0cd134ea5f418c2f97a705) Importer(815301076,1909f56bfc062723c751e8b465ee728b)  -> (artifact id: '39e9ab080b6767da0c110371826348d6') in 0.455442 seconds 
========================================================================
Received Import Request.
  Time since last request: 0.000052 seconds.
  path: Assets/PAQUETES/PolygonNature/FX/FX_Prefabs/Butterlies_Particle_01_White.prefab
  artifactKey: Guid(4496bbb0544b6d64997370f08213712b) Importer(815301076,1909f56bfc062723c751e8b465ee728b)
Start importing Assets/PAQUETES/PolygonNature/FX/FX_Prefabs/Butterlies_Particle_01_White.prefab using Guid(4496bbb0544b6d64997370f08213712b) Importer(815301076,1909f56bfc062723c751e8b465ee728b)  -> (artifact id: 'c75d5fa514d5afd15ffced3174dfdf9c') in 0.026759 seconds 
========================================================================
Received Import Request.
  Time since last request: 0.000034 seconds.
  path: Assets/PAQUETES/PolygonNature/FX/FX_Prefabs/Grass_Blowing_01.prefab
  artifactKey: Guid(42d15d42149ed484d8aea06290796e07) Importer(815301076,1909f56bfc062723c751e8b465ee728b)
Start importing Assets/PAQUETES/PolygonNature/FX/FX_Prefabs/Grass_Blowing_01.prefab using Guid(42d15d42149ed484d8aea06290796e07) Importer(815301076,1909f56bfc062723c751e8b465ee728b)  -> (artifact id: '1e55b8b2dbcbb4035a0a46af8c05f292') in 0.114561 seconds 
========================================================================
Received Import Request.
  Time since last request: 0.000039 seconds.
  path: Assets/Prefab/Personaje/MaleCharacter.prefab
  artifactKey: Guid(2dfbb63c9cdf7504faf4ff26b0581598) Importer(815301076,1909f56bfc062723c751e8b465ee728b)
Start importing Assets/Prefab/Personaje/MaleCharacter.prefab using Guid(2dfbb63c9cdf7504faf4ff26b0581598) Importer(815301076,1909f56bfc062723c751e8b465ee728b)  -> (artifact id: 'a0c1e005dca2c87d6c705c3899cc7674') in 0.801850 seconds 
========================================================================
Received Import Request.
  Time since last request: 0.000051 seconds.
  path: Assets/PAQUETES/PolygonNature/FX/FX_Prefabs/Leaves_Solo_Orange_01.prefab
  artifactKey: Guid(a42f233d3ffc16b4e8c60406dddf5a74) Importer(815301076,1909f56bfc062723c751e8b465ee728b)
Start importing Assets/PAQUETES/PolygonNature/FX/FX_Prefabs/Leaves_Solo_Orange_01.prefab using Guid(a42f233d3ffc16b4e8c60406dddf5a74) Importer(815301076,1909f56bfc062723c751e8b465ee728b)  -> (artifact id: '8b9b5409db36bd9f33d4da27611661b4') in 0.021784 seconds 
========================================================================
Received Import Request.
  Time since last request: 0.000041 seconds.
  path: Assets/PAQUETES/PolygonNature/FX/FX_Prefabs/Flies_01.prefab
  artifactKey: Guid(eabd393839c5f634e98cc906257d93dc) Importer(815301076,1909f56bfc062723c751e8b465ee728b)
Start importing Assets/PAQUETES/PolygonNature/FX/FX_Prefabs/Flies_01.prefab using Guid(eabd393839c5f634e98cc906257d93dc) Importer(815301076,1909f56bfc062723c751e8b465ee728b)  -> (artifact id: '4c1de13cf52cf6b8096430488b7c9974') in 0.073713 seconds 
========================================================================
Received Import Request.
  Time since last request: 0.000034 seconds.
  path: Assets/PAQUETES/PolygonNature/FX/FX_Prefabs/Leaves_Solo_Pink_01.prefab
  artifactKey: Guid(67608fffc9570ca4d8944023f9b8c9a0) Importer(815301076,1909f56bfc062723c751e8b465ee728b)
Start importing Assets/PAQUETES/PolygonNature/FX/FX_Prefabs/Leaves_Solo_Pink_01.prefab using Guid(67608fffc9570ca4d8944023f9b8c9a0) Importer(815301076,1909f56bfc062723c751e8b465ee728b)  -> (artifact id: 'a9040a2b610015b55f1d568fc5798be8') in 0.017854 seconds 
